<?xml version="1.0" encoding="UTF-8"?>
<!-- Generated by org.testng.reporters.JUnitReportReporter -->
<testsuite hostname="QT-INNO-LT0489" failures="0" tests="9" name="QT.BotRunner" time="96.679" errors="0" timestamp="14 Nov 2021 19:38:16 GMT" skipped="0">
  <testcase classname="QT.BotRunner" name="T006_Maps" time="16.320"/>
  <testcase classname="QT.BotRunner" name="T009_ThanksScreen" time="8.314"/>
  <testcase classname="QT.BotRunner" name="T004_VideoPlayer" time="22.423"/>
  <testcase classname="QT.BotRunner" name="T001_EnterQulaithon" time="14.600"/>
  <testcase classname="QT.BotRunner" name="T005_CrystalMaze" time="18.263"/>
  <testcase classname="QT.BotRunner" name="T003_C1_Proceed" time="7.479"/>
  <testcase classname="QT.BotRunner" name="T008_WebSocket" time="1.939"/>
  <testcase classname="QT.BotRunner" name="T002_StartTreasure" time="3.981"/>
  <testcase classname="QT.BotRunner" name="T007_Captcha" time="3.360"/>
</testsuite> <!-- QT.BotRunner -->
