<?xml version="1.0" encoding="UTF-8"?>
<!-- Generated by org.testng.reporters.JUnitReportReporter -->
<testsuite hostname="QT-INNO-LT0489" failures="0" tests="10" name="QT.BotRunner" time="110.210" errors="1" timestamp="14 Nov 2021 11:03:10 GMT" skipped="9">
  <testcase classname="QT.BotRunner" name="T002_StartTreasure" time="0.000">
    <skipped/>
  </testcase> <!-- T002_StartTreasure -->
  <testcase classname="QT.BotRunner" name="T003_C1_Proceed" time="0.000">
    <skipped/>
  </testcase> <!-- T003_C1_Proceed -->
  <testcase classname="QT.BotRunner" name="T004_VideoPlayer" time="0.000">
    <skipped/>
  </testcase> <!-- T004_VideoPlayer -->
  <testcase classname="QT.BotRunner" name="T005_CrystalMaze" time="0.000">
    <skipped/>
  </testcase> <!-- T005_CrystalMaze -->
  <testcase classname="QT.BotRunner" name="T001_EnterQulaithon" time="0.000">
    <skipped/>
  </testcase> <!-- T001_EnterQulaithon -->
  <testcase classname="QT.BotRunner" name="T006_Maps" time="0.000">
    <skipped/>
  </testcase> <!-- T006_Maps -->
  <testcase classname="QT.BotRunner" name="T009_ThanksScreen" time="0.000">
    <skipped/>
  </testcase> <!-- T009_ThanksScreen -->
  <testcase classname="QT.BotRunner" name="T007_Captcha" time="0.000">
    <skipped/>
  </testcase> <!-- T007_Captcha -->
  <testcase classname="QT.BotRunner" name="T008_WebSocket" time="0.000">
    <skipped/>
  </testcase> <!-- T008_WebSocket -->
  <testcase classname="QT.BotRunner" name="QualithonStart" time="110.210">
    <error message="Could not start a new session. Response code 500. Message: unknown error: DevToolsActivePort file doesn&#039;t exist
Build info: version: &#039;4.0.0&#039;, revision: &#039;3a21814679&#039;
System info: host: &#039;QT-INNO-LT0489&#039;, ip: &#039;192.168.238.83&#039;, os.name: &#039;Windows 10&#039;, os.arch: &#039;amd64&#039;, os.version: &#039;10.0&#039;, java.version: &#039;13.0.1&#039;
Driver info: org.openqa.selenium.chrome.ChromeDriver
Command: [null, newSession {capabilities=[Capabilities {goog:loggingPrefs: org.openqa.selenium.logging...}], desiredCapabilities=Capabilities {loggingPrefs: org.openqa.selenium.logging...}}]" type="org.openqa.selenium.SessionNotCreatedException">
      <![CDATA[org.openqa.selenium.SessionNotCreatedException: Could not start a new session. Response code 500. Message: unknown error: DevToolsActivePort file doesn't exist
Build info: version: '4.0.0', revision: '3a21814679'
System info: host: 'QT-INNO-LT0489', ip: '192.168.238.83', os.name: 'Windows 10', os.arch: 'amd64', os.version: '10.0', java.version: '13.0.1'
Driver info: org.openqa.selenium.chrome.ChromeDriver
Command: [null, newSession {capabilities=[Capabilities {goog:loggingPrefs: org.openqa.selenium.logging...}], desiredCapabilities=Capabilities {loggingPrefs: org.openqa.selenium.logging...}}]
at org.openqa.selenium.remote.ProtocolHandshake.createSession(ProtocolHandshake.java:126)
at org.openqa.selenium.remote.ProtocolHandshake.createSession(ProtocolHandshake.java:84)
at org.openqa.selenium.remote.ProtocolHandshake.createSession(ProtocolHandshake.java:62)
at org.openqa.selenium.remote.HttpCommandExecutor.execute(HttpCommandExecutor.java:156)
at org.openqa.selenium.remote.service.DriverCommandExecutor.invokeExecute(DriverCommandExecutor.java:164)
at org.openqa.selenium.remote.service.DriverCommandExecutor.execute(DriverCommandExecutor.java:139)
at org.openqa.selenium.remote.RemoteWebDriver.execute(RemoteWebDriver.java:559)
at org.openqa.selenium.remote.RemoteWebDriver.startSession(RemoteWebDriver.java:246)
at org.openqa.selenium.remote.RemoteWebDriver.<init>(RemoteWebDriver.java:168)
at org.openqa.selenium.chromium.ChromiumDriver.<init>(ChromiumDriver.java:108)
at org.openqa.selenium.chrome.ChromeDriver.<init>(ChromeDriver.java:104)
at org.openqa.selenium.chrome.ChromeDriver.<init>(ChromeDriver.java:70)
at QT.Bot_TreasureSolver.LaunchQualithonWebApp(Bot_TreasureSolver.java:69)
at QT.BotRunner.QualithonStart(BotRunner.java:20)
at java.base/jdk.internal.reflect.NativeMethodAccessorImpl.invoke0(Native Method)
at java.base/jdk.internal.reflect.NativeMethodAccessorImpl.invoke(NativeMethodAccessorImpl.java:62)
at java.base/jdk.internal.reflect.DelegatingMethodAccessorImpl.invoke(DelegatingMethodAccessorImpl.java:43)
at java.base/java.lang.reflect.Method.invoke(Method.java:567)
at org.testng.internal.MethodInvocationHelper.invokeMethod(MethodInvocationHelper.java:124)
at org.testng.internal.MethodInvocationHelper.invokeMethodConsideringTimeout(MethodInvocationHelper.java:59)
at org.testng.internal.Invoker.invokeConfigurationMethod(Invoker.java:458)
at org.testng.internal.Invoker.invokeConfigurations(Invoker.java:222)
at org.testng.internal.Invoker.invokeConfigurations(Invoker.java:142)
at org.testng.SuiteRunner.privateRun(SuiteRunner.java:401)
at org.testng.SuiteRunner.run(SuiteRunner.java:364)
at org.testng.SuiteRunnerWorker.runSuite(SuiteRunnerWorker.java:52)
at org.testng.SuiteRunnerWorker.run(SuiteRunnerWorker.java:84)
at org.testng.TestNG.runSuitesSequentially(TestNG.java:1208)
at org.testng.TestNG.runSuitesLocally(TestNG.java:1137)
at org.testng.TestNG.runSuites(TestNG.java:1049)
at org.testng.TestNG.run(TestNG.java:1017)
at org.testng.remote.AbstractRemoteTestNG.run(AbstractRemoteTestNG.java:115)
at org.testng.remote.RemoteTestNG.initAndRun(RemoteTestNG.java:251)
at org.testng.remote.RemoteTestNG.main(RemoteTestNG.java:77)
]]>
    </error>
  </testcase> <!-- QualithonStart -->
</testsuite> <!-- QT.BotRunner -->
